Using pre-set license
Built from '2020.3/staging' branch; Version is '2020.3.24f1 (79c78de19888) revision 7980941'; Using compiler version '192528614'; Build Type 'Release'
OS: 'Windows 10  (10.0.19042) 64bit CoreSingleLanguage' Language: 'en' Physical Memory: 16215 MB
BatchMode: 1, IsHumanControllingUs: 0, StartBugReporterOnCrash: 0, Is64bit: 1, IsPro: 0

COMMAND LINE ARGUMENTS:
C:\Program Files\Unity\Hub\Editor\2020.3.24f1\Editor\Unity.exe
-adb2
-batchMode
-noUpm
-name
AssetImportWorker0
-projectPath
C:/Users/Acer/Desktop/Lab2_4
-logFile
Logs/AssetImportWorker0.log
-srvPort
52855
Successfully changed project path to: C:/Users/Acer/Desktop/Lab2_4
C:/Users/Acer/Desktop/Lab2_4
Using Asset Import Pipeline V2.
Refreshing native plugins compatible for Editor in 49.28 ms, found 2 plugins.
Preloading 0 native plugins for Editor in 0.00 ms.
Initialize engine version: 2020.3.24f1 (79c78de19888)
[Subsystems] Discovering subsystems at path C:/Program Files/Unity/Hub/Editor/2020.3.24f1/Editor/Data/Resources/UnitySubsystems
[Subsystems] Discovering subsystems at path C:/Users/Acer/Desktop/Lab2_4/Assets
GfxDevice: creating device client; threaded=0
Direct3D:
    Version:  Direct3D 11.0 [level 11.1]
    Renderer: NVIDIA GeForce RTX 2060 (ID=0x1f15)
    Vendor:   
    VRAM:     5980 MB
    Driver:   27.21.14.5730
Initialize mono
Mono path[0] = 'C:/Program Files/Unity/Hub/Editor/2020.3.24f1/Editor/Data/Managed'
Mono path[1] = 'C:/Program Files/Unity/Hub/Editor/2020.3.24f1/Editor/Data/MonoBleedingEdge/lib/mono/unityjit'
Mono config path = 'C:/Program Files/Unity/Hub/Editor/2020.3.24f1/Editor/Data/MonoBleedingEdge/etc'
Using monoOptions --debugger-agent=transport=dt_socket,embedding=1,server=y,suspend=n,address=127.0.0.1:56024
Begin MonoManager ReloadAssembly
Registering precompiled unity dll's ...
Register platform support module: C:/Program Files/Unity/Hub/Editor/2020.3.24f1/Editor/Data/PlaybackEngines/WindowsStandaloneSupport/UnityEditor.WindowsStandalone.Extensions.dll
Registered in 0.001618 seconds.
Native extension for WindowsStandalone target not found
Refreshing native plugins compatible for Editor in 50.71 ms, found 2 plugins.
Preloading 0 native plugins for Editor in 0.00 ms.
Mono: successfully reloaded assembly
- Completed reload, in  0.527 seconds
Domain Reload Profiling:
	ReloadAssembly (527ms)
		BeginReloadAssembly (46ms)
			ExecutionOrderSort (0ms)
			DisableScriptedObjects (0ms)
			BackupInstance (0ms)
			ReleaseScriptingObjects (0ms)
			CreateAndSetChildDomain (1ms)
		EndReloadAssembly (415ms)
			LoadAssemblies (44ms)
			RebuildTransferFunctionScriptingTraits (0ms)
			SetupTypeCache (133ms)
			ReleaseScriptCaches (0ms)
			RebuildScriptCaches (30ms)
			SetupLoadedEditorAssemblies (164ms)
				LogAssemblyErrors (0ms)
				InitializePlatformSupportModulesInManaged (4ms)
				SetLoadedEditorAssemblies (0ms)
				RefreshPlugins (51ms)
				BeforeProcessingInitializeOnLoad (12ms)
				ProcessInitializeOnLoadAttributes (70ms)
				ProcessInitializeOnLoadMethodAttributes (27ms)
				AfterProcessingInitializeOnLoad (0ms)
				EditorAssembliesLoaded (0ms)
			ExecutionOrderSort2 (0ms)
			AwakeInstancesAfterBackupRestoration (0ms)
Platform modules already initialized, skipping
Registering precompiled user dll's ...
Registered in 0.004262 seconds.
Begin MonoManager ReloadAssembly
Native extension for WindowsStandalone target not found
Refreshing native plugins compatible for Editor in 62.43 ms, found 2 plugins.
Preloading 0 native plugins for Editor in 0.00 ms.
Mono: successfully reloaded assembly
- Completed reload, in  1.073 seconds
Domain Reload Profiling:
	ReloadAssembly (1074ms)
		BeginReloadAssembly (132ms)
			ExecutionOrderSort (0ms)
			DisableScriptedObjects (4ms)
			BackupInstance (0ms)
			ReleaseScriptingObjects (0ms)
			CreateAndSetChildDomain (16ms)
		EndReloadAssembly (887ms)
			LoadAssemblies (82ms)
			RebuildTransferFunctionScriptingTraits (0ms)
			SetupTypeCache (316ms)
			ReleaseScriptCaches (1ms)
			RebuildScriptCaches (44ms)
			SetupLoadedEditorAssemblies (326ms)
				LogAssemblyErrors (0ms)
				InitializePlatformSupportModulesInManaged (3ms)
				SetLoadedEditorAssemblies (0ms)
				RefreshPlugins (63ms)
				BeforeProcessingInitializeOnLoad (82ms)
				ProcessInitializeOnLoadAttributes (166ms)
				ProcessInitializeOnLoadMethodAttributes (8ms)
				AfterProcessingInitializeOnLoad (5ms)
				EditorAssembliesLoaded (0ms)
			ExecutionOrderSort2 (0ms)
			AwakeInstancesAfterBackupRestoration (7ms)
Platform modules already initialized, skipping
========================================================================
Worker process is ready to serve import requests
Launched and connected shader compiler UnityShaderCompiler.exe after 0.07 seconds
Refreshing native plugins compatible for Editor in 0.71 ms, found 2 plugins.
Preloading 0 native plugins for Editor in 0.00 ms.
Unloading 2950 Unused Serialized files (Serialized files now loaded: 0)
System memory in use before: 138.4 MB.
System memory in use after: 138.6 MB.

Unloading 20 unused Assets to reduce memory usage. Loaded Objects now: 3397.
Total: 4.154100 ms (FindLiveObjects: 0.345500 ms CreateObjectMapping: 0.189600 ms MarkObjects: 3.444000 ms  DeleteObjects: 0.173700 ms)

AssetImportParameters requested are different than current active one (requested -> active):
  custom:framework-win-MediaFoundation: 216162199b28c13a410421893ffa2e32 -> 
  custom:video-decoder-ogg-theora: a1e56fd34408186e4bbccfd4996cb3dc -> 
  custom:container-muxer-webm: aa71ff27fc2769a1b78a27578f13a17b -> 
  custom:container-demuxer-webm: 4f35f7cbe854078d1ac9338744f61a02 -> 
  custom:container-demuxer-ogg: 62fdf1f143b41e24485cea50d1cbac27 -> 
  custom:video-encoder-webm-vp8: eb34c28f22e8b96e1ab97ce403110664 -> 
  custom:video-decoder-webm-vp8: 9c59270c3fd7afecdb556c50c9e8de78 -> 
  custom:audio-decoder-ogg-vorbis: bf7c407c2cedff20999df2af8eb42d56 -> 
  custom:audio-encoder-webm-vorbis: bf7c407c2cedff20999df2af8eb42d56 -> 
========================================================================
Received Import Request.
  path: Assets/mymodle/dence.controller
  artifactKey: Guid(e54c602ca04ba6a498fb2f8be4c77a92) Importer(815301076,1909f56bfc062723c751e8b465ee728b)
Start importing Assets/mymodle/dence.controller using Guid(e54c602ca04ba6a498fb2f8be4c77a92) Importer(815301076,1909f56bfc062723c751e8b465ee728b)  -> (artifact id: '06bfae15161ff726f043d4f8b2de45b4') in 0.038022 seconds 
  Import took 0.042910 seconds .

========================================================================
Received Import Request.
  Time since last request: 32.769453 seconds.
  path: Assets/mymodle/Zombie Running.fbx
  artifactKey: Guid(2fabf5ccbc4f4aa43a7a98647011c21e) Importer(815301076,1909f56bfc062723c751e8b465ee728b)
Start importing Assets/mymodle/Zombie Running.fbx using Guid(2fabf5ccbc4f4aa43a7a98647011c21e) Importer(815301076,1909f56bfc062723c751e8b465ee728b)  -> (artifact id: '1021e94c44f27cc2799bc8d7cda19eb7') in 0.453561 seconds 
  Import took 0.460948 seconds .

========================================================================
Received Import Request.
  Time since last request: 17.005065 seconds.
  path: Assets/Stylized Environnement - Free Pack/PPP.asset
  artifactKey: Guid(07d475369b47b413fad896a658b53062) Importer(815301076,1909f56bfc062723c751e8b465ee728b)
Start importing Assets/Stylized Environnement - Free Pack/PPP.asset using Guid(07d475369b47b413fad896a658b53062) Importer(815301076,1909f56bfc062723c751e8b465ee728b)  -> (artifact id: 'bc3c6c3292c1cb30992c94f972189326') in 0.012145 seconds 
  Import took 0.019219 seconds .

========================================================================
Received Import Request.
  Time since last request: 2.337964 seconds.
  path: Assets/Stylized Environnement - Free Pack/READ ME.pdf
  artifactKey: Guid(7249ac11136a64342a92f12c849d0a8a) Importer(815301076,1909f56bfc062723c751e8b465ee728b)
Start importing Assets/Stylized Environnement - Free Pack/READ ME.pdf using Guid(7249ac11136a64342a92f12c849d0a8a) Importer(815301076,1909f56bfc062723c751e8b465ee728b)  -> (artifact id: '8923e2f4d3dad18e2a6b84e6c8068184') in 0.014710 seconds 
  Import took 0.021409 seconds .

========================================================================
Received Import Request.
  Time since last request: 29.734254 seconds.
  path: Assets/myShader/form refration.shadergraph
  artifactKey: Guid(89f0b8d4ac94ff04dbf66e4828759821) Importer(815301076,1909f56bfc062723c751e8b465ee728b)
Start importing Assets/myShader/form refration.shadergraph using Guid(89f0b8d4ac94ff04dbf66e4828759821) Importer(815301076,1909f56bfc062723c751e8b465ee728b)  -> (artifact id: '5262d627853a255ff96c775f3c6bea15') in 0.013698 seconds 
  Import took 0.021222 seconds .

========================================================================
Received Import Request.
  Time since last request: 822.191864 seconds.
  path: Assets/myShader/fom.shadersubgraph
  artifactKey: Guid(22249a8b2dfa6514999ae1870550e132) Importer(815301076,1909f56bfc062723c751e8b465ee728b)
Start importing Assets/myShader/fom.shadersubgraph using Guid(22249a8b2dfa6514999ae1870550e132) Importer(815301076,1909f56bfc062723c751e8b465ee728b)  -> (artifact id: 'fc4b5cfa65392b1493846d81e7054194') in 0.025349 seconds 
  Import took 0.037729 seconds .

========================================================================
Received Import Request.
  Time since last request: 6.199249 seconds.
  path: Assets/myShader/form refration.shadergraph
  artifactKey: Guid(89f0b8d4ac94ff04dbf66e4828759821) Importer(815301076,1909f56bfc062723c751e8b465ee728b)
Start importing Assets/myShader/form refration.shadergraph using Guid(89f0b8d4ac94ff04dbf66e4828759821) Importer(815301076,1909f56bfc062723c751e8b465ee728b)  -> (artifact id: 'a47b5aee91c9c494845ffd2ffb02438c') in 0.003328 seconds 
  Import took 0.009042 seconds .

========================================================================
Received Import Request.
  Time since last request: 29.109639 seconds.
  path: Assets/myShader/coloraddmove
  artifactKey: Guid(b3c8f3e95f4d26d41a50be57bdb17b68) Importer(815301076,1909f56bfc062723c751e8b465ee728b)
Start importing Assets/myShader/coloraddmove using Guid(b3c8f3e95f4d26d41a50be57bdb17b68) Importer(815301076,1909f56bfc062723c751e8b465ee728b)  -> (artifact id: 'ee04e88de31fbd59e72298b76228b0a0') in 0.007189 seconds 
  Import took 0.013158 seconds .

========================================================================
Received Import Request.
  Time since last request: 0.120192 seconds.
  path: Assets/myShader/coloraddmove/coloraddmove.mat
  artifactKey: Guid(76ed080823826c648bfa4bd1f7fb661e) Importer(815301076,1909f56bfc062723c751e8b465ee728b)
Start importing Assets/myShader/coloraddmove/coloraddmove.mat using Guid(76ed080823826c648bfa4bd1f7fb661e) Importer(815301076,1909f56bfc062723c751e8b465ee728b)  -> (artifact id: 'b0bc1f223c79bd18b855fa695355d4b9') in 0.068667 seconds 
  Import took 0.074730 seconds .

========================================================================
Received Import Request.
  Time since last request: 2.671759 seconds.
  path: Assets/myShader/coloraddmove/coloraddmovement.shadergraph
  artifactKey: Guid(ae95303583ae71642bd1be2de9782b83) Importer(815301076,1909f56bfc062723c751e8b465ee728b)
Start importing Assets/myShader/coloraddmove/coloraddmovement.shadergraph using Guid(ae95303583ae71642bd1be2de9782b83) Importer(815301076,1909f56bfc062723c751e8b465ee728b)  -> (artifact id: '38ace05cc11cf71d4d604cb20da470af') in 0.008970 seconds 
  Import took 0.014990 seconds .

========================================================================
Received Import Request.
  Time since last request: 199.647079 seconds.
  path: Assets/myShader/coloraddmove/coloraddmovement.shadergraph
  artifactKey: Guid(ae95303583ae71642bd1be2de9782b83) Importer(815301076,1909f56bfc062723c751e8b465ee728b)
Start importing Assets/myShader/coloraddmove/coloraddmovement.shadergraph using Guid(ae95303583ae71642bd1be2de9782b83) Importer(815301076,1909f56bfc062723c751e8b465ee728b)  -> (artifact id: '3982b37f91616189375e58d1956d5f06') in 0.003310 seconds 
  Import took 0.009447 seconds .

========================================================================
Received Import Request.
  Time since last request: 64.757276 seconds.
  path: Assets/myShader/coloraddmove/coloraddmove.mat
  artifactKey: Guid(76ed080823826c648bfa4bd1f7fb661e) Importer(815301076,1909f56bfc062723c751e8b465ee728b)
Start importing Assets/myShader/coloraddmove/coloraddmove.mat using Guid(76ed080823826c648bfa4bd1f7fb661e) Importer(815301076,1909f56bfc062723c751e8b465ee728b)  -> (artifact id: '4412435d031a1e7ae3d2dc4494225495') in 0.017348 seconds 
  Import took 0.022702 seconds .

========================================================================
Received Import Request.
  Time since last request: 201.302991 seconds.
  path: Assets/myShader/fom.shadersubgraph
  artifactKey: Guid(22249a8b2dfa6514999ae1870550e132) Importer(815301076,1909f56bfc062723c751e8b465ee728b)
Start importing Assets/myShader/fom.shadersubgraph using Guid(22249a8b2dfa6514999ae1870550e132) Importer(815301076,1909f56bfc062723c751e8b465ee728b)  -> (artifact id: 'e1e9b0864dea7fe6912e4da5a8443fca') in 0.004101 seconds 
  Import took 0.009587 seconds .

========================================================================
Received Import Request.
  Time since last request: 349.099986 seconds.
  path: Assets/myShader/fom.shadersubgraph
  artifactKey: Guid(22249a8b2dfa6514999ae1870550e132) Importer(815301076,1909f56bfc062723c751e8b465ee728b)
Start importing Assets/myShader/fom.shadersubgraph using Guid(22249a8b2dfa6514999ae1870550e132) Importer(815301076,1909f56bfc062723c751e8b465ee728b)  -> (artifact id: 'cd267644a4e4202b20c44a9d85da7667') in 0.003592 seconds 
  Import took 0.008990 seconds .

========================================================================
Received Import Request.
  Time since last request: 444.577175 seconds.
  path: Assets/myShader/fom.shadersubgraph
  artifactKey: Guid(22249a8b2dfa6514999ae1870550e132) Importer(815301076,1909f56bfc062723c751e8b465ee728b)
Start importing Assets/myShader/fom.shadersubgraph using Guid(22249a8b2dfa6514999ae1870550e132) Importer(815301076,1909f56bfc062723c751e8b465ee728b)  -> (artifact id: '717de985b2a3677d2be53f18a6dd6ece') in 0.009770 seconds 
  Import took 0.022355 seconds .

========================================================================
Received Import Request.
  Time since last request: 289.971071 seconds.
  path: Assets/myShader/movement/movement.shadersubgraph
  artifactKey: Guid(8e32e83a49be9374f84dc4d113d7f804) Importer(815301076,1909f56bfc062723c751e8b465ee728b)
Start importing Assets/myShader/movement/movement.shadersubgraph using Guid(8e32e83a49be9374f84dc4d113d7f804) Importer(815301076,1909f56bfc062723c751e8b465ee728b)  -> (artifact id: '6b8c36abdd270e6072c98661c4fb7716') in 0.007243 seconds 
  Import took 0.013300 seconds .

========================================================================
Received Import Request.
  Time since last request: 35.711988 seconds.
  path: Assets/myShader/movement/movement.shadersubgraph
  artifactKey: Guid(8e32e83a49be9374f84dc4d113d7f804) Importer(815301076,1909f56bfc062723c751e8b465ee728b)
Start importing Assets/myShader/movement/movement.shadersubgraph using Guid(8e32e83a49be9374f84dc4d113d7f804) Importer(815301076,1909f56bfc062723c751e8b465ee728b)  -> (artifact id: '525edc9568126927526047738abd1f4c') in 0.003388 seconds 
  Import took 0.012778 seconds .

========================================================================
Received Import Request.
  Time since last request: 1.856923 seconds.
  path: Assets/myShader/fom.shadersubgraph
  artifactKey: Guid(22249a8b2dfa6514999ae1870550e132) Importer(815301076,1909f56bfc062723c751e8b465ee728b)
Start importing Assets/myShader/fom.shadersubgraph using Guid(22249a8b2dfa6514999ae1870550e132) Importer(815301076,1909f56bfc062723c751e8b465ee728b)  -> (artifact id: '0cba7a49d4564ec8def8296e78da62d6') in 0.004426 seconds 
  Import took 0.009695 seconds .

========================================================================
Received Import Request.
  Time since last request: 340.744836 seconds.
  path: Assets/mymodle/textture
  artifactKey: Guid(bc3265751a7b8aa4bb065f7b0568f699) Importer(815301076,1909f56bfc062723c751e8b465ee728b)
Start importing Assets/mymodle/textture using Guid(bc3265751a7b8aa4bb065f7b0568f699) Importer(815301076,1909f56bfc062723c751e8b465ee728b)  -> (artifact id: 'dabed87cc389986465ae6d613a761cef') in 0.006429 seconds 
  Import took 0.013734 seconds .

========================================================================
Received Import Request.
  Time since last request: 26.757071 seconds.
  path: Assets/mymodle/material
  artifactKey: Guid(7845f8a6fada76c4e9957993f6c29091) Importer(815301076,1909f56bfc062723c751e8b465ee728b)
Start importing Assets/mymodle/material using Guid(7845f8a6fada76c4e9957993f6c29091) Importer(815301076,1909f56bfc062723c751e8b465ee728b)  -> (artifact id: 'fdc0e75c776e8903395bf5253bd9d73d') in 0.006816 seconds 
  Import took 0.012393 seconds .

========================================================================
Received Import Request.
  Time since last request: 6.297153 seconds.
  path: Assets/mymodle/Ch03_nonPBR@Arms Hip Hop Dance.fbx
  artifactKey: Guid(9d8886ccbc4589e40a2724396a7c8b74) Importer(815301076,1909f56bfc062723c751e8b465ee728b)
Start importing Assets/mymodle/Ch03_nonPBR@Arms Hip Hop Dance.fbx using Guid(9d8886ccbc4589e40a2724396a7c8b74) Importer(815301076,1909f56bfc062723c751e8b465ee728b)  -> (artifact id: '8bb4809e0a722239ba8903f4d30f8114') in 0.079875 seconds 
  Import took 0.089667 seconds .

========================================================================
Received Import Request.
  Time since last request: 11.898517 seconds.
  path: Assets/mymodle/Ch03_nonPBR@Arms Hip Hop Dance.fbx
  artifactKey: Guid(9d8886ccbc4589e40a2724396a7c8b74) Importer(815301076,1909f56bfc062723c751e8b465ee728b)
Start importing Assets/mymodle/Ch03_nonPBR@Arms Hip Hop Dance.fbx using Guid(9d8886ccbc4589e40a2724396a7c8b74) Importer(815301076,1909f56bfc062723c751e8b465ee728b)  -> (artifact id: 'c6ffe4b847db8c7c7ddc0344a53e20f1') in 0.118300 seconds 
  Import took 0.135322 seconds .

========================================================================
Received Import Request.
  Time since last request: 16.866594 seconds.
  path: Assets/mymodle/Ch03_nonPBR@Arms Hip Hop Dance.fbx
  artifactKey: Guid(9d8886ccbc4589e40a2724396a7c8b74) Importer(815301076,1909f56bfc062723c751e8b465ee728b)
Start importing Assets/mymodle/Ch03_nonPBR@Arms Hip Hop Dance.fbx using Guid(9d8886ccbc4589e40a2724396a7c8b74) Importer(815301076,1909f56bfc062723c751e8b465ee728b)  -> (artifact id: '901ae062719159beb629708b1861732f') in 0.080385 seconds 
  Import took 0.086193 seconds .

========================================================================
Received Import Request.
  Time since last request: 6.682008 seconds.
  path: Assets/mymodle/Ch03_nonPBR@Arms Hip Hop Dance.fbx
  artifactKey: Guid(9d8886ccbc4589e40a2724396a7c8b74) Importer(815301076,1909f56bfc062723c751e8b465ee728b)
Start importing Assets/mymodle/Ch03_nonPBR@Arms Hip Hop Dance.fbx using Guid(9d8886ccbc4589e40a2724396a7c8b74) Importer(815301076,1909f56bfc062723c751e8b465ee728b)  -> (artifact id: 'e1d86e770ea00a703a802ac2715af060') in 0.046292 seconds 
  Import took 0.051864 seconds .

========================================================================
Received Import Request.
  Time since last request: 93.442917 seconds.
  path: Assets/mymodle/dance.controller
  artifactKey: Guid(5cddaee4402ce4f4eb500d0ee645c129) Importer(815301076,1909f56bfc062723c751e8b465ee728b)
Start importing Assets/mymodle/dance.controller using Guid(5cddaee4402ce4f4eb500d0ee645c129) Importer(815301076,1909f56bfc062723c751e8b465ee728b)  -> (artifact id: '1bfd4fb589e200d063227289f06d8781') in 0.007803 seconds 
  Import took 0.013429 seconds .

========================================================================
Received Prepare
Registering precompiled user dll's ...
Registered in 0.004872 seconds.
Begin MonoManager ReloadAssembly
Native extension for WindowsStandalone target not found
Refreshing native plugins compatible for Editor in 0.93 ms, found 2 plugins.
Preloading 0 native plugins for Editor in 0.00 ms.
Mono: successfully reloaded assembly
- Completed reload, in  1.047 seconds
Domain Reload Profiling:
	ReloadAssembly (1048ms)
		BeginReloadAssembly (120ms)
			ExecutionOrderSort (0ms)
			DisableScriptedObjects (6ms)
			BackupInstance (0ms)
			ReleaseScriptingObjects (0ms)
			CreateAndSetChildDomain (35ms)
		EndReloadAssembly (872ms)
			LoadAssemblies (80ms)
			RebuildTransferFunctionScriptingTraits (0ms)
			SetupTypeCache (328ms)
			ReleaseScriptCaches (1ms)
			RebuildScriptCaches (37ms)
			SetupLoadedEditorAssemblies (295ms)
				LogAssemblyErrors (0ms)
				InitializePlatformSupportModulesInManaged (3ms)
				SetLoadedEditorAssemblies (1ms)
				RefreshPlugins (1ms)
				BeforeProcessingInitializeOnLoad (111ms)
				ProcessInitializeOnLoadAttributes (163ms)
				ProcessInitializeOnLoadMethodAttributes (10ms)
				AfterProcessingInitializeOnLoad (6ms)
				EditorAssembliesLoaded (0ms)
			ExecutionOrderSort2 (0ms)
			AwakeInstancesAfterBackupRestoration (16ms)
Platform modules already initialized, skipping
Refreshing native plugins compatible for Editor in 0.57 ms, found 2 plugins.
Preloading 0 native plugins for Editor in 0.00 ms.
Unloading 2835 Unused Serialized files (Serialized files now loaded: 0)
System memory in use before: 150.0 MB.
System memory in use after: 150.2 MB.

Unloading 15 unused Assets to reduce memory usage. Loaded Objects now: 3482.
Total: 2.825300 ms (FindLiveObjects: 0.280800 ms CreateObjectMapping: 0.128300 ms MarkObjects: 2.361200 ms  DeleteObjects: 0.053900 ms)

AssetImportParameters requested are different than current active one (requested -> active):
  custom:framework-win-MediaFoundation: 216162199b28c13a410421893ffa2e32 -> 
  custom:video-decoder-ogg-theora: a1e56fd34408186e4bbccfd4996cb3dc -> 
  custom:container-muxer-webm: aa71ff27fc2769a1b78a27578f13a17b -> 
  custom:container-demuxer-webm: 4f35f7cbe854078d1ac9338744f61a02 -> 
  custom:container-demuxer-ogg: 62fdf1f143b41e24485cea50d1cbac27 -> 
  custom:video-encoder-webm-vp8: eb34c28f22e8b96e1ab97ce403110664 -> 
  custom:video-decoder-webm-vp8: 9c59270c3fd7afecdb556c50c9e8de78 -> 
  custom:audio-decoder-ogg-vorbis: bf7c407c2cedff20999df2af8eb42d56 -> 
  custom:audio-encoder-webm-vorbis: bf7c407c2cedff20999df2af8eb42d56 -> 
========================================================================
Received Prepare
Registering precompiled user dll's ...
Registered in 0.005989 seconds.
Begin MonoManager ReloadAssembly
Native extension for WindowsStandalone target not found
Refreshing native plugins compatible for Editor in 0.55 ms, found 2 plugins.
Preloading 0 native plugins for Editor in 0.00 ms.
Mono: successfully reloaded assembly
- Completed reload, in  1.032 seconds
Domain Reload Profiling:
	ReloadAssembly (1032ms)
		BeginReloadAssembly (179ms)
			ExecutionOrderSort (0ms)
			DisableScriptedObjects (7ms)
			BackupInstance (0ms)
			ReleaseScriptingObjects (0ms)
			CreateAndSetChildDomain (63ms)
		EndReloadAssembly (773ms)
			LoadAssemblies (120ms)
			RebuildTransferFunctionScriptingTraits (0ms)
			SetupTypeCache (266ms)
			ReleaseScriptCaches (1ms)
			RebuildScriptCaches (37ms)
			SetupLoadedEditorAssemblies (256ms)
				LogAssemblyErrors (0ms)
				InitializePlatformSupportModulesInManaged (4ms)
				SetLoadedEditorAssemblies (1ms)
				RefreshPlugins (1ms)
				BeforeProcessingInitializeOnLoad (88ms)
				ProcessInitializeOnLoadAttributes (151ms)
				ProcessInitializeOnLoadMethodAttributes (7ms)
				AfterProcessingInitializeOnLoad (5ms)
				EditorAssembliesLoaded (0ms)
			ExecutionOrderSort2 (0ms)
			AwakeInstancesAfterBackupRestoration (13ms)
Platform modules already initialized, skipping
Refreshing native plugins compatible for Editor in 0.59 ms, found 2 plugins.
Preloading 0 native plugins for Editor in 0.00 ms.
Unloading 2835 Unused Serialized files (Serialized files now loaded: 0)
System memory in use before: 150.0 MB.
System memory in use after: 150.2 MB.

Unloading 15 unused Assets to reduce memory usage. Loaded Objects now: 3484.
Total: 3.195000 ms (FindLiveObjects: 0.296100 ms CreateObjectMapping: 0.151800 ms MarkObjects: 2.729100 ms  DeleteObjects: 0.016900 ms)

AssetImportParameters requested are different than current active one (requested -> active):
  custom:framework-win-MediaFoundation: 216162199b28c13a410421893ffa2e32 -> 
  custom:video-decoder-ogg-theora: a1e56fd34408186e4bbccfd4996cb3dc -> 
  custom:container-muxer-webm: aa71ff27fc2769a1b78a27578f13a17b -> 
  custom:container-demuxer-webm: 4f35f7cbe854078d1ac9338744f61a02 -> 
  custom:container-demuxer-ogg: 62fdf1f143b41e24485cea50d1cbac27 -> 
  custom:video-encoder-webm-vp8: eb34c28f22e8b96e1ab97ce403110664 -> 
  custom:video-decoder-webm-vp8: 9c59270c3fd7afecdb556c50c9e8de78 -> 
  custom:audio-decoder-ogg-vorbis: bf7c407c2cedff20999df2af8eb42d56 -> 
  custom:audio-encoder-webm-vorbis: bf7c407c2cedff20999df2af8eb42d56 -> 
AssetImportWorkerClient::OnTransportError - code=2 error=End of file
